<?xml version="1.0" encoding="UTF-8"?>
<testsuite xmlns:xsi="http://www.w3.org/2001/XMLSchema-instance" xsi:noNamespaceSchemaLocation="https://maven.apache.org/surefire/maven-surefire-plugin/xsd/surefire-test-report-3.0.xsd" version="3.0" name="com.caching.service.GeoCodingImpTest" time="29.25" tests="8" errors="0" skipped="0" failures="0">
  <properties>
[...]
</properties>
  <testcase name="testGetReverseGeoCodeNegative" classname="com.caching.service.GeoCodingImpTest" time="2.022">
    <system-out><![CDATA[02:30:53.069 [main] INFO org.springframework.test.context.support.AnnotationConfigContextLoaderUtils -- Could not detect default configuration classes for test class [com.caching.service.GeoCodingImpTest]: GeoCodingImpTest does not declare any static, non-private, non-final, nested classes annotated with @Configuration.
02:30:53.449 [main] INFO org.springframework.boot.test.context.SpringBootTestContextBootstrapper -- Found @SpringBootConfiguration com.caching.service.CachingApplication for test class com.caching.service.GeoCodingImpTest

  .   ____          _            __ _ _
 /\\ / ___'_ __ _ _(_)_ __  __ _ \ \ \ \
( ( )\___ | '_ | '_| | '_ \/ _` | \ \ \ \
 \\/  ___)| |_)| | | | | || (_| |  ) ) ) )
  '  |____| .__|_| |_|_| |_\__, | / / / /
 =========|_|==============|___/=/_/_/_/
 :: Spring Boot ::                (v3.2.2)

mock forward response [{"display_name":"Delhi, India","lat":"28.6273928","lon":"77.1716954"},{"display_name":"Delhi, Delaware County, Iowa, United States","lat":"42.4297057","lon":"-91.3309112"},{"display_name":"Delhi, Redwood County, Minnesota, United States","lat":"44.5991256","lon":"-95.211113"},{"display_name":"Village of Delhi, Town of Delhi, Delaware County, New York, United States","lat":"42.2781401","lon":"-74.9159946"},{"display_name":"Town of Delhi, Delaware County, New York, 13753, United States","lat":"42.2781401","lon":"-74.9159946"},{"display_name":"Delhi, Merced County, California, 95315, United States","lat":"37.434013500000006","lon":"-120.77683869157578"},{"display_name":"Delhi, Merced County, California, 95315, United States","lat":"37.4321589","lon":"-120.778535"},{"display_name":"Delhi, Norfolk County, Ontario, N4B 2K6, Canada","lat":"42.8544957","lon":"-80.4983709"},{"display_name":"Delingha City, Haixi Mongol and Tibetan Autonomous Prefecture, Qinghai, China","lat":"37.3690819","lon":"97.36011"},{"display_name":"Delhi, Santa Ana, Orange County, California, United States","lat":"33.7160692","lon":"-117.862108"}] [{"road":"Delhi Avenue","houseNumber":"16192","neighbourhood":"-","suburb":"-","city":"-","county":"Merced County","state":"California","postcode":"95315","country":"United States","countryCode":"us"}]
]]></system-out>
  </testcase>
  <testcase name="testGetGeoCode" classname="com.caching.service.GeoCodingImpTest" time="3.678"/>
  <testcase name="testGetReverseGeoCode" classname="com.caching.service.GeoCodingImpTest" time="2.134">
    <system-out><![CDATA[Response org.springframework.mock.web.MockHttpServletResponse@5c234920
mock reverse response [{"road":"Delhi Avenue","houseNumber":"16192","neighbourhood":"-","suburb":"-","city":"-","county":"Merced County","state":"California","postcode":"95315","country":"United States","countryCode":"us"}]
]]></system-out>
  </testcase>
  <testcase name="testGeoCodingCacheHitWithEndpoint" classname="com.caching.service.GeoCodingImpTest" time="2.942"/>
  <testcase name="testReverseGeoCodingCacheHitWithEndpoint" classname="com.caching.service.GeoCodingImpTest" time="2.894"/>
  <testcase name="testGetGeoCodeNegative" classname="com.caching.service.GeoCodingImpTest" time="1.914"/>
  <testcase name="testGeoCodingCacheMiss" classname="com.caching.service.GeoCodingImpTest" time="1.947"/>
  <testcase name="testGeoCodingCacheEviction" classname="com.caching.service.GeoCodingImpTest" time="3.227"/>
</testsuite>